{"C:\\users\\ashetty\\nightwatch_playground\\samplegoogletest.js":{"path":"C:\\users\\ashetty\\nightwatch_playground\\samplegoogletest.js","s":{"1":1,"2":0,"3":0,"4":0},"b":{},"f":{"1":0,"2":0,"3":0},"fnMap":{"1":{"name":"(anonymous_1)","line":2,"loc":{"start":{"line":2,"column":23},"end":{"line":2,"column":42}}},"2":{"name":"(anonymous_2)","line":13,"loc":{"start":{"line":13,"column":28},"end":{"line":13,"column":47}}},"3":{"name":"(anonymous_3)","line":24,"loc":{"start":{"line":24,"column":29},"end":{"line":24,"column":48}}}},"statementMap":{"1":{"start":{"line":1,"column":0},"end":{"line":35,"column":2}},"2":{"start":{"line":3,"column":4},"end":{"line":11,"column":10}},"3":{"start":{"line":14,"column":4},"end":{"line":22,"column":10}},"4":{"start":{"line":25,"column":4},"end":{"line":33,"column":10}}},"branchMap":{}}}