{"C:\\users\\ashetty\\nightwatch_playground\\samplegoogletest.js":{"path":"C:\\users\\ashetty\\nightwatch_playground\\samplegoogletest.js","s":{"1":1,"2":0,"3":0},"b":{},"f":{"1":0,"2":0},"fnMap":{"1":{"name":"(anonymous_1)","line":2,"loc":{"start":{"line":2,"column":23},"end":{"line":2,"column":42}}},"2":{"name":"(anonymous_2)","line":11,"loc":{"start":{"line":11,"column":26},"end":{"line":11,"column":45}}}},"statementMap":{"1":{"start":{"line":1,"column":0},"end":{"line":20,"column":2}},"2":{"start":{"line":3,"column":4},"end":{"line":9,"column":10}},"3":{"start":{"line":12,"column":4},"end":{"line":18,"column":10}}},"branchMap":{}}}